Connecting to database specified by database.yml
Connecting to database specified by database.yml
Compiled jquery.js  (2ms)  (pid 49877)
Compiled jquery-ui.js  (2ms)  (pid 49877)
Compiled jquery_ujs.js  (0ms)  (pid 49877)
Compiled active_admin/application.js  (0ms)  (pid 49877)
Compiled active_admin/base.js  (182ms)  (pid 49877)
Compiled active_admin.js  (189ms)  (pid 49877)
Compiled lattes.js  (93ms)  (pid 49877)
Compiled application.js  (101ms)  (pid 49877)
Compiled active_admin.css  (1381ms)  (pid 49877)
Compiled lattes.css  (1ms)  (pid 49877)
Compiled application.css  (5ms)  (pid 49877)
Connecting to database specified by database.yml
Compiled jquery.js  (3ms)  (pid 49877)
Compiled jquery-ui.js  (2ms)  (pid 49877)
Compiled jquery_ujs.js  (0ms)  (pid 49877)
Compiled active_admin/application.js  (0ms)  (pid 49877)
Compiled active_admin/base.js  (58ms)  (pid 49877)
Compiled active_admin.js  (89ms)  (pid 49877)
Compiled lattes.js  (98ms)  (pid 49877)
Compiled application.js  (106ms)  (pid 49877)
Compiled active_admin.css  (1148ms)  (pid 49877)
Compiled lattes.css  (1ms)  (pid 49877)
Compiled application.css  (6ms)  (pid 49877)
Connecting to database specified by database.yml
Connecting to database specified by database.yml
Connecting to database specified by database.yml
Connecting to database specified by database.yml
Compiled jquery.js  (3ms)  (pid 56481)
Compiled jquery_ujs.js  (0ms)  (pid 56481)
Compiled jquery-ui.js  (24ms)  (pid 56481)
Compiled active_admin/application.js  (0ms)  (pid 56481)
Compiled active_admin/base.js  (209ms)  (pid 56481)
Compiled active_admin.js  (215ms)  (pid 56481)
Compiled lattes.js  (160ms)  (pid 56481)
Compiled application.js  (670ms)  (pid 56481)
Compiled active_admin.css  (2290ms)  (pid 56481)
Compiled lattes.css  (1ms)  (pid 56481)
Compiled application.css  (2305ms)  (pid 56481)
Compiled jquery.js  (3ms)  (pid 56481)
Compiled jquery_ujs.js  (0ms)  (pid 56481)
Compiled jquery-ui.js  (23ms)  (pid 56481)
Compiled active_admin/application.js  (0ms)  (pid 56481)
Compiled active_admin/base.js  (38ms)  (pid 56481)
Compiled active_admin.js  (44ms)  (pid 56481)
Compiled lattes.js  (96ms)  (pid 56481)
Compiled application.js  (191ms)  (pid 56481)
Compiled active_admin.css  (1258ms)  (pid 56481)
Compiled lattes.css  (1ms)  (pid 56481)
Compiled application.css  (1273ms)  (pid 56481)
